# JRE version: Java(TM) SE Runtime Environment (8.0_144-b01) (build 1.8.0_144-b01)
# Java VM: Java HotSpot(TM) 64-Bit Server VM (25.144-b01 mixed mode windows-amd64 compressed oops)
Heap:
 PSYoungGen      total 217600K, used 36092K [0x00000000eab00000, 0x00000000f9500000, 0x0000000100000000)
  eden space 202240K, 17% used [0x00000000eab00000,0x00000000ece3f050,0x00000000f7080000)
  from space 15360K, 0% used [0x00000000f7080000,0x00000000f7080000,0x00000000f7f80000)
  to   space 14848K, 0% used [0x00000000f7f80000,0x00000000f7f80000,0x00000000f8e00000)
 ParOldGen       total 80896K, used 36880K [0x00000000c0000000, 0x00000000c4f00000, 0x00000000eab00000)
  object space 80896K, 45% used [0x00000000c0000000,0x00000000c2404290,0x00000000c4f00000)
 Metaspace       used 58163K, capacity 60765K, committed 60928K, reserved 1101824K
  class space    used 7877K, capacity 8323K, committed 8448K, reserved 1048576K
GC Heap History (10 events):
Event: 12.143 GC heap before
{Heap before GC invocations=12 (full 2):
 PSYoungGen      total 155648K, used 9696K [0x00000000eab00000, 0x00000000f7780000, 0x0000000100000000)
  eden space 145920K, 0% used [0x00000000eab00000,0x00000000eab00000,0x00000000f3980000)
  from space 9728K, 99% used [0x00000000f4500000,0x00000000f4e780e0,0x00000000f4e80000)
  to   space 11776K, 0% used [0x00000000f3980000,0x00000000f3980000,0x00000000f4500000)
 ParOldGen       total 40448K, used 17040K [0x00000000c0000000, 0x00000000c2780000, 0x00000000eab00000)
  object space 40448K, 42% used [0x00000000c0000000,0x00000000c10a4050,0x00000000c2780000)
 Metaspace       used 33920K, capacity 35382K, committed 35456K, reserved 1079296K
  class space    used 4420K, capacity 4705K, committed 4736K, reserved 1048576K
Event: 12.241 GC heap after
Heap after GC invocations=12 (full 2):
 PSYoungGen      total 155648K, used 0K [0x00000000eab00000, 0x00000000f7780000, 0x0000000100000000)
  eden space 145920K, 0% used [0x00000000eab00000,0x00000000eab00000,0x00000000f3980000)
  from space 9728K, 0% used [0x00000000f4500000,0x00000000f4500000,0x00000000f4e80000)
  to   space 11776K, 0% used [0x00000000f3980000,0x00000000f3980000,0x00000000f4500000)
 ParOldGen       total 50688K, used 16394K [0x00000000c0000000, 0x00000000c3180000, 0x00000000eab00000)
  object space 50688K, 32% used [0x00000000c0000000,0x00000000c1002888,0x00000000c3180000)
 Metaspace       used 33920K, capacity 35382K, committed 35456K, reserved 1079296K
  class space    used 4420K, capacity 4705K, committed 4736K, reserved 1048576K
}
Event: 14.372 GC heap before
{Heap before GC invocations=13 (full 2):
 PSYoungGen      total 155648K, used 145920K [0x00000000eab00000, 0x00000000f7780000, 0x0000000100000000)
  eden space 145920K, 100% used [0x00000000eab00000,0x00000000f3980000,0x00000000f3980000)
  from space 9728K, 0% used [0x00000000f4500000,0x00000000f4500000,0x00000000f4e80000)
  to   space 11776K, 0% used [0x00000000f3980000,0x00000000f3980000,0x00000000f4500000)
 ParOldGen       total 50688K, used 16394K [0x00000000c0000000, 0x00000000c3180000, 0x00000000eab00000)
  object space 50688K, 32% used [0x00000000c0000000,0x00000000c1002888,0x00000000c3180000)
 Metaspace       used 40069K, capacity 41744K, committed 41984K, reserved 1085440K
  class space    used 5219K, capacity 5569K, committed 5632K, reserved 1048576K
Event: 14.400 GC heap after
Heap after GC invocations=13 (full 2):
 PSYoungGen      total 157696K, used 11760K [0x00000000eab00000, 0x00000000f8e00000, 0x0000000100000000)
  eden space 145920K, 0% used [0x00000000eab00000,0x00000000eab00000,0x00000000f3980000)
  from space 11776K, 99% used [0x00000000f3980000,0x00000000f44fc110,0x00000000f4500000)
  to   space 14848K, 0% used [0x00000000f7f80000,0x00000000f7f80000,0x00000000f8e00000)
 ParOldGen       total 50688K, used 20471K [0x00000000c0000000, 0x00000000c3180000, 0x00000000eab00000)
  object space 50688K, 40% used [0x00000000c0000000,0x00000000c13fdd00,0x00000000c3180000)
 Metaspace       used 40069K, capacity 41744K, committed 41984K, reserved 1085440K
  class space    used 5219K, capacity 5569K, committed 5632K, reserved 1048576K
}
Event: 17.758 GC heap before
{Heap before GC invocations=14 (full 2):
 PSYoungGen      total 157696K, used 157680K [0x00000000eab00000, 0x00000000f8e00000, 0x0000000100000000)
  eden space 145920K, 100% used [0x00000000eab00000,0x00000000f3980000,0x00000000f3980000)
  from space 11776K, 99% used [0x00000000f3980000,0x00000000f44fc110,0x00000000f4500000)
  to   space 14848K, 0% used [0x00000000f7f80000,0x00000000f7f80000,0x00000000f8e00000)
 ParOldGen       total 50688K, used 20471K [0x00000000c0000000, 0x00000000c3180000, 0x00000000eab00000)
  object space 50688K, 40% used [0x00000000c0000000,0x00000000c13fdd00,0x00000000c3180000)
 Metaspace       used 48515K, capacity 50626K, committed 50688K, reserved 1093632K
  class space    used 6496K, capacity 6867K, committed 6912K, reserved 1048576K
Event: 17.940 GC heap after
Heap after GC invocations=14 (full 2):
 PSYoungGen      total 217088K, used 10255K [0x00000000eab00000, 0x00000000f9500000, 0x0000000100000000)
  eden space 202240K, 0% used [0x00000000eab00000,0x00000000eab00000,0x00000000f7080000)
  from space 14848K, 69% used [0x00000000f7f80000,0x00000000f8983c58,0x00000000f8e00000)
  to   space 15360K, 0% used [0x00000000f7080000,0x00000000f7080000,0x00000000f7f80000)
 ParOldGen       total 50688K, used 30186K [0x00000000c0000000, 0x00000000c3180000, 0x00000000eab00000)
  object space 50688K, 59% used [0x00000000c0000000,0x00000000c1d7aaf0,0x00000000c3180000)
 Metaspace       used 48515K, capacity 50626K, committed 50688K, reserved 1093632K
  class space    used 6496K, capacity 6867K, committed 6912K, reserved 1048576K
}
Event: 53.505 GC heap before
{Heap before GC invocations=15 (full 2):
 PSYoungGen      total 217088K, used 193296K [0x00000000eab00000, 0x00000000f9500000, 0x0000000100000000)
  eden space 202240K, 90% used [0x00000000eab00000,0x00000000f5dc0748,0x00000000f7080000)
  from space 14848K, 69% used [0x00000000f7f80000,0x00000000f8983c58,0x00000000f8e00000)
  to   space 15360K, 0% used [0x00000000f7080000,0x00000000f7080000,0x00000000f7f80000)
 ParOldGen       total 50688K, used 30186K [0x00000000c0000000, 0x00000000c3180000, 0x00000000eab00000)
  object space 50688K, 59% used [0x00000000c0000000,0x00000000c1d7aaf0,0x00000000c3180000)
 Metaspace       used 56541K, capacity 59028K, committed 59096K, reserved 1099776K
  class space    used 7601K, capacity 8018K, committed 8064K, reserved 1048576K
Event: 53.530 GC heap after
Heap after GC invocations=15 (full 2):
 PSYoungGen      total 217600K, used 11335K [0x00000000eab00000, 0x00000000f9500000, 0x0000000100000000)
  eden space 202240K, 0% used [0x00000000eab00000,0x00000000eab00000,0x00000000f7080000)
  from space 15360K, 73% used [0x00000000f7080000,0x00000000f7b91cd8,0x00000000f7f80000)
  to   space 14848K, 0% used [0x00000000f7f80000,0x00000000f7f80000,0x00000000f8e00000)
 ParOldGen       total 50688K, used 34934K [0x00000000c0000000, 0x00000000c3180000, 0x00000000eab00000)
  object space 50688K, 68% used [0x00000000c0000000,0x00000000c221db30,0x00000000c3180000)
 Metaspace       used 56541K, capacity 59028K, committed 59096K, reserved 1099776K
  class space    used 7601K, capacity 8018K, committed 8064K, reserved 1048576K
}
Event: 53.530 GC heap before
{Heap before GC invocations=16 (full 3):
 PSYoungGen      total 217600K, used 11335K [0x00000000eab00000, 0x00000000f9500000, 0x0000000100000000)
  eden space 202240K, 0% used [0x00000000eab00000,0x00000000eab00000,0x00000000f7080000)
  from space 15360K, 73% used [0x00000000f7080000,0x00000000f7b91cd8,0x00000000f7f80000)
  to   space 14848K, 0% used [0x00000000f7f80000,0x00000000f7f80000,0x00000000f8e00000)
 ParOldGen       total 50688K, used 34934K [0x00000000c0000000, 0x00000000c3180000, 0x00000000eab00000)
  object space 50688K, 68% used [0x00000000c0000000,0x00000000c221db30,0x00000000c3180000)
 Metaspace       used 56541K, capacity 59028K, committed 59096K, reserved 1099776K
  class space    used 7601K, capacity 8018K, committed 8064K, reserved 1048576K
Event: 53.732 GC heap after
Heap after GC invocations=16 (full 3):
 PSYoungGen      total 217600K, used 0K [0x00000000eab00000, 0x00000000f9500000, 0x0000000100000000)
  eden space 202240K, 0% used [0x00000000eab00000,0x00000000eab00000,0x00000000f7080000)
  from space 15360K, 0% used [0x00000000f7080000,0x00000000f7080000,0x00000000f7f80000)
  to   space 14848K, 0% used [0x00000000f7f80000,0x00000000f7f80000,0x00000000f8e00000)
 ParOldGen       total 80896K, used 36880K [0x00000000c0000000, 0x00000000c4f00000, 0x00000000eab00000)
  object space 80896K, 45% used [0x00000000c0000000,0x00000000c2404290,0x00000000c4f00000)
 Metaspace       used 56541K, capacity 59028K, committed 59096K, reserved 1099776K
  class space    used 7601K, capacity 8018K, committed 8064K, reserved 1048576K
}

